<?xml version="1.0" encoding="UTF-8"?>
<!-- Generated by org.testng.reporters.JUnitReportReporter -->
<testsuite skipped="0" hostname="ASDW0054" name="DriverInstantiation" tests="1" failures="0" timestamp="26 Jun 2019 20:19:31 GMT" time="30.982" errors="0">
  <testcase name="a" time="30.982" classname="DriverInstantiation"/>
</testsuite> <!-- DriverInstantiation -->
